2019/08/12 14:23:09.726 [I] [reportthree.go:54] 开始执行脚本---CountLog
2019/08/12 14:23:09.726 [I] [reportthree.go:56] logUrl:%!(EXTRA string=./hdfslog/20190811)
2019/08/12 14:23:09.734 [I] [common.go:191] File read ok!
2019/08/12 14:23:09.735 [I] [common.go:191] File read ok!
2019/08/12 14:23:09.736 [I] [common.go:191] File read ok!
2019/08/12 14:23:09.737 [I] [common.go:191] File read ok!
2019/08/12 14:23:09.737 [I] [common.go:191] File read ok!
2019/08/12 14:23:09.739 [I] [common.go:191] File read ok!
2019/08/12 14:23:09.743 [I] [common.go:191] File read ok!
2019/08/12 14:23:09.746 [I] [common.go:191] File read ok!
2019/08/12 14:23:09.751 [I] [common.go:191] File read ok!
2019/08/12 14:23:09.754 [I] [common.go:191] File read ok!
2019/08/12 14:23:09.757 [I] [common.go:191] File read ok!
2019/08/12 14:23:09.763 [I] [common.go:191] File read ok!
2019/08/12 14:23:09.769 [I] [common.go:191] File read ok!
2019/08/12 14:23:09.770 [I] [common.go:191] File read ok!
2019/08/12 14:23:09.774 [I] [common.go:191] File read ok!
2019/08/12 14:23:09.777 [I] [common.go:191] File read ok!
2019/08/12 14:23:09.783 [I] [common.go:191] File read ok!
2019/08/12 14:23:09.785 [I] [common.go:191] File read ok!
2019/08/12 14:23:09.792 [I] [common.go:191] File read ok!
2019/08/12 14:23:09.804 [I] [common.go:191] File read ok!
2019/08/12 14:23:09.806 [I] [common.go:191] File read ok!
2019/08/12 14:23:09.812 [I] [common.go:191] File read ok!
2019/08/12 14:23:09.814 [I] [common.go:191] File read ok!
2019/08/12 14:23:09.815 [I] [common.go:191] File read ok!
2019/08/12 14:23:09.816 [I] [common.go:191] File read ok!
2019/08/12 14:23:09.816 [I] [common.go:191] File read ok!
2019/08/12 14:23:09.819 [I] [common.go:191] File read ok!
2019/08/12 14:23:09.822 [I] [common.go:191] File read ok!
2019/08/12 14:23:09.825 [I] [common.go:191] File read ok!
2019/08/12 14:23:09.828 [I] [common.go:191] File read ok!
2019/08/12 14:23:09.837 [I] [common.go:191] File read ok!
2019/08/12 14:23:09.841 [I] [common.go:191] File read ok!
2019/08/12 14:23:09.842 [I] [common.go:191] File read ok!
2019/08/12 14:23:09.846 [I] [common.go:191] File read ok!
2019/08/12 14:23:09.848 [I] [common.go:191] File read ok!
2019/08/12 14:23:09.851 [I] [common.go:191] File read ok!
2019/08/12 14:23:09.857 [I] [common.go:191] File read ok!
2019/08/12 14:23:09.861 [I] [common.go:191] File read ok!
2019/08/12 14:23:09.869 [I] [common.go:191] File read ok!
2019/08/12 14:23:09.871 [I] [common.go:191] File read ok!
2019/08/12 14:23:09.877 [I] [common.go:191] File read ok!
2019/08/12 14:23:09.878 [I] [common.go:191] File read ok!
2019/08/12 14:23:09.878 [I] [common.go:191] File read ok!
2019/08/12 14:23:09.879 [I] [common.go:191] File read ok!
2019/08/12 14:23:09.880 [I] [common.go:191] File read ok!
2019/08/12 14:23:09.883 [I] [common.go:191] File read ok!
2019/08/12 14:23:09.885 [I] [common.go:191] File read ok!
2019/08/12 14:23:09.889 [I] [common.go:191] File read ok!
2019/08/12 14:23:09.893 [I] [common.go:191] File read ok!
2019/08/12 14:23:09.896 [I] [common.go:191] File read ok!
2019/08/12 14:23:09.899 [I] [common.go:191] File read ok!
2019/08/12 14:23:09.905 [I] [common.go:191] File read ok!
2019/08/12 14:23:09.908 [I] [common.go:191] File read ok!
2019/08/12 14:23:09.910 [I] [common.go:191] File read ok!
2019/08/12 14:23:09.913 [I] [common.go:191] File read ok!
2019/08/12 14:23:09.917 [I] [common.go:191] File read ok!
2019/08/12 14:23:09.922 [I] [common.go:191] File read ok!
2019/08/12 14:23:09.925 [I] [common.go:191] File read ok!
2019/08/12 14:23:09.931 [I] [common.go:191] File read ok!
2019/08/12 14:23:09.942 [I] [common.go:191] File read ok!
2019/08/12 14:23:09.944 [I] [common.go:191] File read ok!
2019/08/12 14:23:09.950 [I] [common.go:191] File read ok!
2019/08/12 14:23:09.952 [I] [common.go:191] File read ok!
2019/08/12 14:23:09.952 [I] [common.go:191] File read ok!
2019/08/12 14:23:09.953 [I] [common.go:191] File read ok!
2019/08/12 14:23:09.954 [I] [common.go:191] File read ok!
2019/08/12 14:23:09.957 [I] [common.go:191] File read ok!
2019/08/12 14:23:09.960 [I] [common.go:191] File read ok!
2019/08/12 14:23:09.962 [I] [common.go:191] File read ok!
2019/08/12 14:23:09.967 [I] [common.go:191] File read ok!
2019/08/12 14:23:09.972 [I] [common.go:191] File read ok!
2019/08/12 14:23:09.975 [I] [common.go:191] File read ok!
2019/08/12 14:23:09.982 [I] [common.go:191] File read ok!
2019/08/12 14:23:09.987 [I] [common.go:191] File read ok!
2019/08/12 14:23:09.989 [I] [common.go:191] File read ok!
2019/08/12 14:23:09.994 [I] [common.go:191] File read ok!
2019/08/12 14:23:09.997 [I] [common.go:191] File read ok!
2019/08/12 14:23:10.000 [I] [common.go:191] File read ok!
2019/08/12 14:23:10.006 [I] [common.go:191] File read ok!
2019/08/12 14:23:10.010 [I] [common.go:191] File read ok!
2019/08/12 14:23:10.014 [I] [common.go:191] File read ok!
2019/08/12 14:23:10.024 [I] [common.go:191] File read ok!
2019/08/12 14:23:10.027 [I] [common.go:191] File read ok!
2019/08/12 14:23:10.027 [I] [common.go:200] Read file over!
2019/08/12 14:23:40.442 [I] [reportthree.go:54] 开始执行脚本---ReportThreeTask
2019/08/12 14:23:40.443 [I] [reportthree.go:56] logUrl:%!(EXTRA string=./hdfslog/20190810)
2019/08/12 14:23:40.448 [I] [common.go:191] File read ok!
2019/08/12 14:23:40.450 [I] [common.go:191] File read ok!
2019/08/12 14:23:40.452 [I] [common.go:191] File read ok!
2019/08/12 14:23:40.453 [I] [common.go:191] File read ok!
2019/08/12 14:23:40.456 [I] [common.go:191] File read ok!
2019/08/12 14:23:40.458 [I] [common.go:191] File read ok!
2019/08/12 14:23:40.459 [I] [common.go:191] File read ok!
2019/08/12 14:23:40.463 [I] [common.go:191] File read ok!
2019/08/12 14:23:40.466 [I] [common.go:191] File read ok!
2019/08/12 14:23:40.467 [I] [common.go:191] File read ok!
2019/08/12 14:23:40.472 [I] [common.go:191] File read ok!
2019/08/12 14:23:40.480 [I] [common.go:191] File read ok!
2019/08/12 14:23:40.483 [I] [common.go:191] File read ok!
2019/08/12 14:23:40.485 [I] [common.go:191] File read ok!
2019/08/12 14:23:40.503 [I] [common.go:191] File read ok!
2019/08/12 14:23:40.513 [I] [common.go:191] File read ok!
2019/08/12 14:23:40.519 [I] [common.go:191] File read ok!
2019/08/12 14:23:40.528 [I] [common.go:191] File read ok!
2019/08/12 14:23:40.531 [I] [common.go:191] File read ok!
2019/08/12 14:23:40.542 [I] [common.go:191] File read ok!
2019/08/12 14:23:40.546 [I] [common.go:191] File read ok!
2019/08/12 14:23:40.548 [I] [common.go:191] File read ok!
2019/08/12 14:23:40.549 [I] [common.go:191] File read ok!
2019/08/12 14:23:40.552 [I] [common.go:191] File read ok!
2019/08/12 14:23:40.554 [I] [common.go:191] File read ok!
2019/08/12 14:23:40.556 [I] [common.go:191] File read ok!
2019/08/12 14:23:40.558 [I] [common.go:191] File read ok!
2019/08/12 14:23:40.559 [I] [common.go:191] File read ok!
2019/08/12 14:23:40.562 [I] [common.go:191] File read ok!
2019/08/12 14:23:40.566 [I] [common.go:191] File read ok!
2019/08/12 14:23:40.568 [I] [common.go:191] File read ok!
2019/08/12 14:23:40.572 [I] [common.go:191] File read ok!
2019/08/12 14:23:40.581 [I] [common.go:191] File read ok!
2019/08/12 14:23:40.584 [I] [common.go:191] File read ok!
2019/08/12 14:23:40.587 [I] [common.go:191] File read ok!
2019/08/12 14:23:40.600 [I] [common.go:191] File read ok!
2019/08/12 14:23:40.614 [I] [common.go:191] File read ok!
2019/08/12 14:23:40.620 [I] [common.go:191] File read ok!
2019/08/12 14:23:40.628 [I] [common.go:191] File read ok!
2019/08/12 14:23:40.632 [I] [common.go:191] File read ok!
2019/08/12 14:23:40.643 [I] [common.go:191] File read ok!
2019/08/12 14:23:40.647 [I] [common.go:191] File read ok!
2019/08/12 14:23:40.653 [I] [common.go:191] File read ok!
2019/08/12 14:23:40.655 [I] [common.go:191] File read ok!
2019/08/12 14:23:40.658 [I] [common.go:191] File read ok!
2019/08/12 14:23:40.659 [I] [common.go:191] File read ok!
2019/08/12 14:23:40.660 [I] [common.go:191] File read ok!
2019/08/12 14:23:40.663 [I] [common.go:191] File read ok!
2019/08/12 14:23:40.664 [I] [common.go:191] File read ok!
2019/08/12 14:23:40.665 [I] [common.go:191] File read ok!
2019/08/12 14:23:40.670 [I] [common.go:191] File read ok!
2019/08/12 14:23:40.674 [I] [common.go:191] File read ok!
2019/08/12 14:23:40.677 [I] [common.go:191] File read ok!
2019/08/12 14:23:40.681 [I] [common.go:191] File read ok!
2019/08/12 14:23:40.689 [I] [common.go:191] File read ok!
2019/08/12 14:23:40.691 [I] [common.go:191] File read ok!
2019/08/12 14:23:40.694 [I] [common.go:191] File read ok!
2019/08/12 14:23:40.710 [I] [common.go:191] File read ok!
2019/08/12 14:23:40.721 [I] [common.go:191] File read ok!
2019/08/12 14:23:40.728 [I] [common.go:191] File read ok!
2019/08/12 14:23:40.738 [I] [common.go:191] File read ok!
2019/08/12 14:23:40.741 [I] [common.go:191] File read ok!
2019/08/12 14:23:40.753 [I] [common.go:191] File read ok!
2019/08/12 14:23:40.756 [I] [common.go:191] File read ok!
2019/08/12 14:23:40.758 [I] [common.go:191] File read ok!
2019/08/12 14:23:40.759 [I] [common.go:191] File read ok!
2019/08/12 14:23:40.761 [I] [common.go:191] File read ok!
2019/08/12 14:23:40.763 [I] [common.go:191] File read ok!
2019/08/12 14:23:40.764 [I] [common.go:191] File read ok!
2019/08/12 14:23:40.768 [I] [common.go:191] File read ok!
2019/08/12 14:23:40.769 [I] [common.go:191] File read ok!
2019/08/12 14:23:40.770 [I] [common.go:191] File read ok!
2019/08/12 14:23:40.773 [I] [common.go:191] File read ok!
2019/08/12 14:23:40.777 [I] [common.go:191] File read ok!
2019/08/12 14:23:40.779 [I] [common.go:191] File read ok!
2019/08/12 14:23:40.783 [I] [common.go:191] File read ok!
2019/08/12 14:23:40.796 [I] [common.go:191] File read ok!
2019/08/12 14:23:40.799 [I] [common.go:191] File read ok!
2019/08/12 14:23:40.801 [I] [common.go:191] File read ok!
2019/08/12 14:23:40.815 [I] [common.go:191] File read ok!
2019/08/12 14:23:40.826 [I] [common.go:191] File read ok!
2019/08/12 14:23:40.837 [I] [common.go:191] File read ok!
2019/08/12 14:23:40.840 [I] [common.go:191] File read ok!
2019/08/12 14:23:40.843 [I] [common.go:191] File read ok!
2019/08/12 14:23:40.854 [I] [common.go:191] File read ok!
2019/08/12 14:23:40.857 [I] [common.go:191] File read ok!
2019/08/12 14:23:40.861 [I] [common.go:191] File read ok!
2019/08/12 14:23:40.862 [I] [common.go:191] File read ok!
2019/08/12 14:23:40.862 [I] [common.go:200] Read file over!
2019/08/12 14:23:59.160 [I] [reportthree.go:54] 开始执行脚本---ReportThreeTask
2019/08/12 14:23:59.160 [I] [reportthree.go:56] logUrl:%!(EXTRA string=./hdfslog/20190809)
2019/08/12 14:23:59.203 [I] [common.go:191] File read ok!
2019/08/12 14:23:59.243 [I] [common.go:191] File read ok!
2019/08/12 14:23:59.253 [I] [common.go:191] File read ok!
2019/08/12 14:23:59.255 [I] [common.go:191] File read ok!
2019/08/12 14:23:59.261 [I] [common.go:191] File read ok!
2019/08/12 14:23:59.271 [I] [common.go:191] File read ok!
2019/08/12 14:23:59.276 [I] [common.go:191] File read ok!
2019/08/12 14:23:59.278 [I] [common.go:191] File read ok!
2019/08/12 14:23:59.282 [I] [common.go:191] File read ok!
2019/08/12 14:23:59.303 [I] [common.go:191] File read ok!
2019/08/12 14:23:59.316 [I] [common.go:191] File read ok!
2019/08/12 14:23:59.338 [I] [common.go:191] File read ok!
2019/08/12 14:23:59.368 [I] [common.go:191] File read ok!
2019/08/12 14:23:59.379 [I] [common.go:191] File read ok!
2019/08/12 14:23:59.401 [I] [common.go:191] File read ok!
2019/08/12 14:23:59.415 [I] [common.go:191] File read ok!
2019/08/12 14:23:59.443 [I] [common.go:191] File read ok!
2019/08/12 14:23:59.458 [I] [common.go:191] File read ok!
2019/08/12 14:23:59.481 [I] [common.go:191] File read ok!
2019/08/12 14:23:59.490 [I] [common.go:191] File read ok!
2019/08/12 14:23:59.501 [I] [common.go:191] File read ok!
2019/08/12 14:23:59.515 [I] [common.go:191] File read ok!
2019/08/12 14:23:59.518 [I] [common.go:191] File read ok!
2019/08/12 14:23:59.525 [I] [common.go:191] File read ok!
2019/08/12 14:23:59.541 [I] [common.go:191] File read ok!
2019/08/12 14:23:59.548 [I] [common.go:191] File read ok!
2019/08/12 14:23:59.560 [I] [common.go:191] File read ok!
2019/08/12 14:23:59.562 [I] [common.go:191] File read ok!
2019/08/12 14:23:59.564 [I] [common.go:191] File read ok!
2019/08/12 14:23:59.567 [I] [common.go:191] File read ok!
2019/08/12 14:23:59.569 [I] [common.go:191] File read ok!
2019/08/12 14:23:59.572 [I] [common.go:191] File read ok!
2019/08/12 14:23:59.577 [I] [common.go:191] File read ok!
2019/08/12 14:23:59.603 [I] [common.go:191] File read ok!
2019/08/12 14:23:59.617 [I] [common.go:191] File read ok!
2019/08/12 14:23:59.622 [I] [common.go:191] File read ok!
2019/08/12 14:23:59.636 [I] [common.go:191] File read ok!
2019/08/12 14:23:59.679 [I] [common.go:191] File read ok!
2019/08/12 14:23:59.716 [I] [common.go:191] File read ok!
2019/08/12 14:23:59.736 [I] [common.go:191] File read ok!
2019/08/12 14:23:59.749 [I] [common.go:191] File read ok!
2019/08/12 14:23:59.771 [I] [common.go:191] File read ok!
2019/08/12 14:23:59.783 [I] [common.go:191] File read ok!
2019/08/12 14:23:59.796 [I] [common.go:191] File read ok!
2019/08/12 14:23:59.799 [I] [common.go:191] File read ok!
2019/08/12 14:23:59.810 [I] [common.go:191] File read ok!
2019/08/12 14:23:59.829 [I] [common.go:191] File read ok!
2019/08/12 14:23:59.838 [I] [common.go:191] File read ok!
2019/08/12 14:23:59.849 [I] [common.go:191] File read ok!
2019/08/12 14:23:59.854 [I] [common.go:191] File read ok!
2019/08/12 14:23:59.868 [I] [common.go:191] File read ok!
2019/08/12 14:23:59.871 [I] [common.go:191] File read ok!
2019/08/12 14:23:59.885 [I] [common.go:191] File read ok!
2019/08/12 14:23:59.901 [I] [common.go:191] File read ok!
2019/08/12 14:23:59.916 [I] [common.go:191] File read ok!
2019/08/12 14:23:59.929 [I] [common.go:191] File read ok!
2019/08/12 14:23:59.934 [I] [common.go:191] File read ok!
2019/08/12 14:23:59.948 [I] [common.go:191] File read ok!
2019/08/12 14:23:59.954 [I] [common.go:191] File read ok!
2019/08/12 14:23:59.960 [I] [common.go:191] File read ok!
2019/08/12 14:23:59.974 [I] [common.go:191] File read ok!
2019/08/12 14:24:00.003 [I] [common.go:191] File read ok!
2019/08/12 14:24:00.034 [I] [common.go:191] File read ok!
2019/08/12 14:24:00.052 [I] [common.go:191] File read ok!
2019/08/12 14:24:00.066 [I] [common.go:191] File read ok!
2019/08/12 14:24:00.089 [I] [common.go:191] File read ok!
2019/08/12 14:24:00.101 [I] [common.go:191] File read ok!
2019/08/12 14:24:00.104 [I] [common.go:191] File read ok!
2019/08/12 14:24:00.116 [I] [common.go:191] File read ok!
2019/08/12 14:24:00.138 [I] [common.go:191] File read ok!
2019/08/12 14:24:00.150 [I] [common.go:191] File read ok!
2019/08/12 14:24:00.159 [I] [common.go:191] File read ok!
2019/08/12 14:24:00.161 [I] [common.go:191] File read ok!
2019/08/12 14:24:00.173 [I] [common.go:191] File read ok!
2019/08/12 14:24:00.181 [I] [common.go:191] File read ok!
2019/08/12 14:24:00.190 [I] [common.go:191] File read ok!
2019/08/12 14:24:00.194 [I] [common.go:191] File read ok!
2019/08/12 14:24:00.209 [I] [common.go:191] File read ok!
2019/08/12 14:24:00.229 [I] [common.go:191] File read ok!
2019/08/12 14:24:00.243 [I] [common.go:191] File read ok!
2019/08/12 14:24:00.264 [I] [common.go:191] File read ok!
2019/08/12 14:24:00.274 [I] [common.go:191] File read ok!
2019/08/12 14:24:00.295 [I] [common.go:191] File read ok!
2019/08/12 14:24:00.307 [I] [common.go:191] File read ok!
2019/08/12 14:24:00.334 [I] [common.go:191] File read ok!
2019/08/12 14:24:00.363 [I] [common.go:191] File read ok!
2019/08/12 14:24:00.384 [I] [common.go:191] File read ok!
2019/08/12 14:24:00.399 [I] [common.go:191] File read ok!
2019/08/12 14:24:00.420 [I] [common.go:191] File read ok!
2019/08/12 14:24:00.435 [I] [common.go:191] File read ok!
2019/08/12 14:24:00.451 [I] [common.go:191] File read ok!
2019/08/12 14:24:00.457 [I] [common.go:191] File read ok!
2019/08/12 14:24:00.457 [I] [common.go:200] Read file over!
